node:internal/modules/cjs/loader:1405
  const err = new Error(message);
              ^

Error: Cannot find module 'ipaddr.js'
Require stack:
- /Users/karthikj/Desktop/questronthemeclone/questron-backend/node_modules/@fastify/proxy-addr/index.js
- /Users/karthikj/Desktop/questronthemeclone/questron-backend/node_modules/fastify/lib/request.js
- /Users/karthikj/Desktop/questronthemeclone/questron-backend/node_modules/fastify/fastify.js
    at Function._resolveFilename (node:internal/modules/cjs/loader:1405:15)
    at defaultResolveImpl (node:internal/modules/cjs/loader:1061:19)
    at resolveForCJSWithHooks (node:internal/modules/cjs/loader:1066:22)
    at Function._load (node:internal/modules/cjs/loader:1215:37)
    at TracingChannel.traceSync (node:diagnostics_channel:322:14)
    at wrapModuleLoad (node:internal/modules/cjs/loader:235:24)
    at Module.require (node:internal/modules/cjs/loader:1491:12)
    at require (node:internal/modules/helpers:135:16)
    at Object.<anonymous> (/Users/karthikj/Desktop/questronthemeclone/questron-backend/node_modules/@fastify/proxy-addr/index.js:27:16)
    at Module._compile (node:internal/modules/cjs/loader:1734:14) {
  code: 'MODULE_NOT_FOUND',
  requireStack: [
    '/Users/karthikj/Desktop/questronthemeclone/questron-backend/node_modules/@fastify/proxy-addr/index.js',
    '/Users/karthikj/Desktop/questronthemeclone/questron-backend/node_modules/fastify/lib/request.js',
    '/Users/karthikj/Desktop/questronthemeclone/questron-backend/node_modules/fastify/fastify.js'
  ]
}

Node.js v23.9.0
