[dotenv@17.2.4] injecting env (23) from .env -- tip: ⚙️  override existing env vars with { override: true }
STRIPE_SECRET_KEY is missing. StripeService will fail.
[Redis] Connecting to Redis...
[dotenv@17.2.4] injecting env (0) from .env -- tip: 🔐 encrypt with Dotenvx: https://dotenvx.com
[Startup] Initializing application on port 8000...
[Startup] Application ready, initializing Socket Server...
[Startup] Starting workflow scheduler...
[WorkflowScheduler] Started — checking every 60s
{"level":30,"time":1773555122730,"pid":43213,"hostname":"karthiks-MacBook-Air.local","msg":"Server listening at http://127.0.0.1:8000"}
✅ Server running on port 8000 (host: 0.0.0.0)
{"level":30,"time":1773555122730,"pid":43213,"hostname":"karthiks-MacBook-Air.local","msg":"Server listening at http://192.168.1.2:8000"}
{"level":30,"time":1773556094207,"pid":43213,"hostname":"karthiks-MacBook-Air.local","reqId":"req-1","req":{"method":"GET","url":"/billing/status","host":"localhost:8000","remoteAddress":"127.0.0.1","remotePort":52682},"msg":"incoming request"}
{"level":30,"time":1773556094297,"pid":43213,"hostname":"karthiks-MacBook-Air.local","reqId":"req-2","req":{"method":"POST","url":"/auth/clerk-sync","host":"localhost:8000","remoteAddress":"127.0.0.1","remotePort":52684},"msg":"incoming request"}
{"level":30,"time":1773556094308,"pid":43213,"hostname":"karthiks-MacBook-Air.local","reqId":"req-3","req":{"method":"POST","url":"/auth/clerk-sync","host":"localhost:8000","remoteAddress":"127.0.0.1","rem1:01:28 PM [tsx] change in ./src/app.ts Rerunning...
c
node:internal/modules/run_main:104
    triggerUncaughtException(
    ^
Error [ERR_MODULE_NOT_FOUND]: Cannot find package 'express' imported from /Users/karthikj/Downloads/forefrontthemeclone/forefront-backend/src/modules/voice/voice.routes.ts
    at Object.getPackageJSONURL (node:internal/modules/package_json_reader:267:9)
    at packageResolve (node:internal/modules/esm/resolve:768:81)
    at moduleResolve (node:internal/modules/esm/resolve:854:18)
    at defaultResolve (node:internal/modules/esm/resolve:984:11)
    at nextResolve (node:internal/modules/esm/hooks:748:28)
    at resolveBase (file:///Users/karthikj/Downloads/forefrontthemeclone/forefront-backend/node_modules/tsx/dist/esm/index.mjs?1773559889423:2:3744)
    at resolveDirectory (file:///Users/karthikj/Downloads/forefrontthemeclone/forefront-backend/node_modules/tsx/dist/esm/index.mjs?1773559889423:2:4243)
    at resolveTsPaths (file:///Users/karthikj/Downloads/forefrontthemeclone/forefront-backend/node_modules/tsx/dist/esm/index.mjs?1773559889423:2:4984)
    at resolve (file:///Users/karthikj/Downloads/forefrontthemeclone/forefront-backend/node_modules/tsx/dist/esm/index.mjs?1773559889423:2:5361)
    at nextResolve (node:internal/modules/esm/hooks:748:28) {
  code: 'ERR_MODULE_NOT_FOUND'
}

Node.js v23.9.0
1:01:38 PM [tsx] change in ./src/app.ts Rerunning...
c
node:internal/modules/run_main:104
    triggerUncaughtException(
    ^
Error [ERR_MODULE_NOT_FOUND]: Cannot find package 'express' imported from /Users/karthikj/Downloads/forefrontthemeclone/forefront-backend/src/modules/voice/voice.routes.ts
    at Object.getPackageJSONURL (node:internal/modules/package_json_reader:267:9)
    at packageResolve (node:internal/modules/esm/resolve:768:81)
    at moduleResolve (node:internal/modules/esm/resolve:854:18)
    at defaultResolve (node:internal/modules/esm/resolve:984:11)
    at nextResolve (node:internal/modules/esm/hooks:748:28)
    at resolveBase (file:///Users/karthikj/Downloads/forefrontthemeclone/forefront-backend/node_modules/tsx/dist/esm/index.mjs?1773559898909:2:3744)
    at resolveDirectory (file:///Users/karthikj/Downloads/forefrontthemeclone/forefront-backend/node_modules/tsx/dist/esm/index.mjs?1773559898909:2:4243)
    at resolveTsPaths (file:///Users/karthikj/Downloads/forefrontthemeclone/forefront-backend/node_modules/tsx/dist/esm/index.mjs?1773559898909:2:4984)
    at resolve (file:///Users/karthikj/Downloads/forefrontthemeclone/forefront-backend/node_modules/tsx/dist/esm/index.mjs?1773559898909:2:5361)
    at nextResolve (node:internal/modules/esm/hooks:748:28)
node:internal/modules/run_main:104
    triggerUncaughtException(
    ^
Error [ERR_MODULE_NOT_FOUND]: Cannot find package 'express' imported from /Users/karthikj/Downloads/forefrontthemeclone/forefront-backend/src/modules/voice/voice.routes.ts
    at Object.getPackageJSONURL (node:internal/modules/package_json_reader:267:9)
    at packageResolve (node:internal/modules/esm/resolve:768:81)
    at moduleResolve (node:internal/modules/esm/resolve:854:18)
    at defaultResolve (node:internal/modules/esm/resolve:984:11)
    at nextResolve (node:internal/modules/esm/hooks:748:28)
    at resolveBase (file:///Users/karthikj/Downloads/forefrontthemeclone/forefront-backend/node_modules/tsx/dist/esm/index.mjs?1773559898892:2:3744)
    at resolveDirectory (file:///Users/karthikj/Downloads/forefrontthemeclone/forefront-backend/node_modules/tsx/dist/esm/index.mjs?1773559898892:2:4243)
    at resolveTsPaths (file:///Users/karthikj/Downloads/forefrontthemeclone/forefront-backend/node_modules/tsx/dist/esm/index.mjs?1773559898892:2:4984)
    at resolve (file:///Users/karthikj/Downloads/forefrontthemeclone/forefront-backend/node_modules/tsx/dist/esm/index.mjs?1773559898892:2:5361)
    at nextResolve (node:internal/modules/esm/hooks:748:28) {
  code: 'ERR_MODULE_NOT_FOUND'
}

Node.js v23.9.0
