
> app@0.1.0 dev
> next dev --turbopack

   ▲ Next.js 15.3.5 (Turbopack)
   - Local:        http://localhost:3000
   - Network:      http://192.168.1.36:3000
   - Environments: .env.local

 ✓ Starting...
 ✓ Compiled middleware in 345ms
 ✓ Ready in 23s

-----
[1m[31mFATAL[39m[0m: An unexpected Turbopack error occurred. A panic log has been written to /var/folders/64/cq60m6sd7n140nkfwn_yccfr0000gn/T/next-panic-9b5b38f45af3a307a8e1b0d99885e424.log.

To help make Turbopack better, report this error by ]8;;https://github.com/vercel/next.js/discussions/new?category=turbopack-error-report&title=Turbopack%20Error%3A%20reading%20file%20%2FUsers%2Fkarthikj%2FDesktop%2Fforefrontthemeclone%2Ftsconfig.json&body=Turbopack%20version%3A%20%60v15.3.5%60%0A%0AError%20message%3A%0A%60%60%60%0Areading%20file%20%2FUsers%2Fkarthikj%2FDesktop%2Fforefrontthemeclone%2Ftsconfig.json%0A%0ACaused%20by%3A%0A-%20Operation%20timed%20out%20%28os%20error%2060%29%0A%0ADebug%20info%3A%0A-%20Execution%20of%20get_entrypoints_with_issues_operation%20failed%0A-%20Execution%20of%20EntrypointsOperation%3A%3Anew%20failed%0A-%20Execution%20of%20Project%3A%3Aentrypoints%20failed%0A-%20Execution%20of%20Project%3A%3Amiddleware_endpoint%20failed%0A-%20Execution%20of%20Project%3A%3Amiddleware_context%20failed%0A-%20Execution%20of%20Project%3A%3Aedge_middleware_context%20failed%0A-%20Execution%20of%20AppProject%3A%3Aedge_ecmascript_client_reference_transition%20failed%0A-%20Execution%20of%20AppProject%3A%3Aclient_transition%20failed%0A-%20Execution%20of%20AppProject%3A%3Aclient_module_context%20failed%0A-%20Execution%20of%20get_client_module_options_context%20failed%0A-%20Execution%20of%20get_jsx_transform_options%20failed%0A-%20Execution%20of%20assert_can_resolve_react_refresh%20failed%0A-%20Execution%20of%20resolve_options%20failed%0A-%20Execution%20of%20tsconfig_resolve_options%20failed%0A-%20Execution%20of%20%3CDiskFileSystem%20as%20FileSystem%3E%3A%3Aread%20failed%0A-%20reading%20file%20%2FUsers%2Fkarthikj%2FDesktop%2Fforefrontthemeclone%2Ftsconfig.json%0A-%20Operation%20timed%20out%20%28os%20error%2060%29%0A%60%60%60&labels=Turbopack,Turbopack%20Panic%20Backtrace\clicking here.]8;;\
-----

[Error [TurbopackInternalError]: reading file /Users/karthikj/Desktop/forefrontthemeclone/tsconfig.json

Caused by:
- Operation timed out (os error 60)

Debug info:
- Execution of get_entrypoints_with_issues_operation failed
- Execution of EntrypointsOperation::new failed
- Execution of Project::entrypoints failed
- Execution of Project::middleware_endpoint failed
- Execution of Project::middleware_context failed
- Execution of Project::edge_middleware_context failed
- Execution of AppProject::edge_ecmascript_client_reference_transition failed
- Execution of AppProject::client_transition failed
- Execution of AppProject::client_module_context failed
- Execution of get_client_module_options_context failed
- Execution of get_jsx_transform_options failed
- Execution of assert_can_resolve_react_refresh failed
- Execution of resolve_options failed
- Execution of tsconfig_resolve_options failed
- Execution of <DiskFileSystem as FileSystem>::read failed
- reading file /Users/karthikj/Desktop/forefrontthemeclone/tsconfig.json
- Operation timed out (os error 60)]
[?25h
